SF:lib/application/parameters/maya_auth_parameters.dart
DA:9,2
LF:1
LH:1
end_of_record
SF:lib/domain/model/abstracts/database/a_database.dart
DA:23,2
LF:1
LH:1
end_of_record
SF:lib/domain/model/abstracts/exceptions/app_failure.dart
DA:17,2
LF:1
LH:1
end_of_record
SF:lib/domain/model/valueobjects/maya_auth_user_dto.dart
DA:13,2
DA:22,2
DA:23,2
DA:26,0
DA:28,0
DA:30,0
DA:31,0
DA:32,0
DA:33,0
DA:34,0
LF:10
LH:3
end_of_record
SF:lib/domain/model/valueobjects/maya_auth_user_dto.g.dart
DA:9,2
DA:10,2
DA:11,2
DA:12,2
DA:13,4
DA:14,4
DA:17,0
DA:18,0
DA:19,0
DA:20,0
DA:21,0
DA:22,0
LF:12
LH:6
end_of_record
SF:lib/domain/model/entities/maya_user_entities.dart
DA:28,2
LF:1
LH:1
end_of_record
SF:lib/domain/services/failures/database_failure.dart
DA:18,2
LF:1
LH:1
end_of_record
SF:lib/domain/model/extensions/dartz_extensions.dart
DA:17,0
DA:18,0
DA:19,0
DA:24,0
DA:25,0
DA:26,0
LF:6
LH:0
end_of_record
SF:lib/domain/model/interfaces/entity_mapper.dart
DA:28,0
LF:1
LH:0
end_of_record
SF:lib/domain/model/abstracts/network/http_client.g.dart
DA:12,0
DA:13,0
DA:22,0
DA:24,0
DA:25,0
DA:26,0
DA:28,0
DA:29,0
DA:30,0
DA:31,0
DA:36,0
DA:38,0
DA:41,0
DA:42,0
DA:43,0
DA:44,0
DA:46,0
DA:48,0
DA:54,0
DA:58,0
DA:59,0
DA:60,0
DA:62,0
DA:63,0
DA:64,0
DA:65,0
DA:70,0
DA:72,0
DA:75,0
DA:77,0
DA:79,0
DA:85,0
DA:86,0
DA:87,0
DA:88,0
DA:89,0
DA:90,0
DA:92,0
DA:98,0
DA:99,0
DA:103,0
DA:105,0
DA:106,0
DA:109,0
LF:44
LH:0
end_of_record
SF:lib/domain/model/valueobjects/maya_auth_transactions_dto.dart
DA:33,1
DA:40,1
DA:41,1
DA:43,2
DA:45,1
DA:47,1
DA:48,1
DA:49,1
DA:50,1
DA:51,1
LF:10
LH:10
end_of_record
SF:lib/domain/model/valueobjects/maya_auth_transactions_dto.g.dart
DA:9,1
DA:11,1
DA:12,2
DA:13,2
DA:14,1
DA:15,1
DA:18,1
DA:20,1
DA:21,1
DA:22,1
DA:23,1
DA:24,1
LF:12
LH:12
end_of_record
SF:lib/application/parameters/maya_transaction_parameters.dart
DA:23,1
LF:1
LH:1
end_of_record
SF:lib/domain/model/entities/maya_transactions_entities.dart
DA:7,1
LF:1
LH:1
end_of_record
SF:lib/domain/services/maya_services/maya_transaction_service_impl.dart
DA:15,1
DA:24,1
DA:26,1
DA:27,1
DA:28,1
DA:29,2
DA:32,1
DA:33,5
DA:46,0
DA:51,1
DA:55,1
DA:56,1
DA:57,1
DA:58,2
DA:59,1
DA:60,1
DA:61,1
DA:62,1
DA:63,1
DA:64,1
DA:66,2
DA:68,0
DA:74,1
DA:79,1
DA:81,1
DA:83,1
LF:26
LH:24
end_of_record
SF:lib/domain/model/abstracts/exceptions/exception_converter.dart
DA:35,2
DA:49,2
DA:56,2
DA:57,1
DA:58,0
LF:5
LH:4
end_of_record
SF:lib/domain/model/functions/try_and_catch_the_exception.dart
DA:37,2
DA:48,2
DA:49,2
DA:54,4
DA:58,2
DA:60,2
DA:62,2
DA:63,2
DA:70,2
DA:73,1
DA:74,1
DA:82,2
LF:12
LH:12
end_of_record
SF:lib/domain/services/failures/default_failure.dart
DA:15,1
DA:16,1
DA:17,1
DA:18,1
LF:4
LH:4
end_of_record
SF:lib/domain/services/exceptions/default_exceptions_converter.dart
DA:19,2
DA:29,0
DA:38,0
DA:39,0
DA:41,0
DA:49,0
LF:6
LH:1
end_of_record
SF:lib/domain/model/interfaces/http_request.dart
DA:8,0
DA:13,0
LF:2
LH:0
end_of_record
SF:lib/domain/services/maya_services/maya_auth_service_impl.dart
DA:16,1
DA:25,1
DA:29,1
DA:30,1
DA:31,1
DA:32,2
DA:36,1
DA:37,2
DA:38,1
DA:41,1
DA:43,1
DA:44,0
DA:45,0
DA:52,0
DA:54,0
DA:55,0
DA:56,0
DA:59,1
DA:64,1
DA:66,1
DA:68,1
DA:72,0
DA:74,0
DA:76,0
DA:77,0
DA:79,0
LF:26
LH:15
end_of_record
